# npm audit report

ansi-html  <0.0.8
Severity: high
Uncontrolled Resource Consumption in ansi-html - https://github.com/advisories/GHSA-whgm-jr23-g3j9
fix available via `npm audit fix --force`
Will install gatsby@5.7.0, which is a breaking change
node_modules/ansi-html
  @pmmmwh/react-refresh-webpack-plugin  <=0.5.0-rc.6
  Depends on vulnerable versions of ansi-html
  node_modules/@pmmmwh/react-refresh-webpack-plugin
    gatsby  2.6.1-ink-node6.16 - 2.6.1-modern-builds.27 || 2.10.1-resource-loading.10 - 2.10.1-structured-logs-test.128 || 2.13.4 - 5.4.0-next.3
    Depends on vulnerable versions of @pmmmwh/react-refresh-webpack-plugin
    Depends on vulnerable versions of babel-plugin-remove-graphql-queries
    Depends on vulnerable versions of eslint-plugin-graphql
    Depends on vulnerable versions of gatsby-cli
    Depends on vulnerable versions of gatsby-plugin-page-creator
    Depends on vulnerable versions of gatsby-plugin-typescript
    Depends on vulnerable versions of gatsby-plugin-utils
    Depends on vulnerable versions of gatsby-telemetry
    Depends on vulnerable versions of graphql-compose
    Depends on vulnerable versions of latest-version
    Depends on vulnerable versions of multer
    Depends on vulnerable versions of react-dev-utils
    Depends on vulnerable versions of socket.io
    node_modules/gatsby
      babel-plugin-remove-graphql-queries  2.17.0-next.0 - 3.15.0
      Depends on vulnerable versions of gatsby
      node_modules/babel-plugin-remove-graphql-queries
      gatsby-plugin-google-analytics  2.2.2 - 5.1.0-next.0
      Depends on vulnerable versions of gatsby
      Depends on vulnerable versions of minimatch
      node_modules/gatsby-plugin-google-analytics
      gatsby-plugin-image  0.8.0-next.0 - 2.0.0-zz-next.3
      Depends on vulnerable versions of babel-plugin-remove-graphql-queries
      Depends on vulnerable versions of gatsby
      Depends on vulnerable versions of gatsby-plugin-sharp
      Depends on vulnerable versions of gatsby-source-filesystem
      node_modules/gatsby-plugin-image
      gatsby-plugin-manifest  1.0.16 - 4.7.0
      Depends on vulnerable versions of gatsby
      Depends on vulnerable versions of gatsby-plugin-utils
      Depends on vulnerable versions of sharp
      node_modules/gatsby-plugin-manifest
      gatsby-plugin-netlify  2.12.0-next.0 - 3.14.0
      Depends on vulnerable versions of gatsby
      node_modules/gatsby-plugin-netlify
      gatsby-plugin-offline  3.11.0-next.0 - 4.15.0
      Depends on vulnerable versions of gatsby
      node_modules/gatsby-plugin-offline
      gatsby-plugin-page-creator  2.7.1 - 4.0.0-zz-next.3 || 4.5.0-alpha-trailing-slash.45 - 4.5.0-next.3 || 4.6.0-alpha-ts-jit.26 - 4.6.0-next.3 || 4.7.0-alpha-image-service.13 - 4.7.0-next.3 || 4.8.0-alpha-image-service.24 - 4.8.0-next.2 || 4.9.0-alpha-image-cdn.32 - 4.9.0-next.1 || 4.11.0-alpha-luda.30 - 4.11.0-next.3 || 4.13.0-alpha-image-cdn-telemetry.29 - 4.13.0-next.0 || 4.15.0-alpha-wp-image-cdn-auth.42 - 4.15.0-next.2 || 4.16.0-alpha-image-cdn-caching.9 - 4.16.0-next.1 || 4.17.0-alpha-drupal-image-404.12 - 4.17.0-next.1 || 4.18.0-alpha-drupal-self-reference.18 - 4.18.0-next.1 || 4.20.0-mdxv4-rc.60 - 4.20.0-next.2 || 4.23.0-alpha-9689ff.25 - 4.23.0-next.0 || 4.24.0-alpha-heritage.25 - 4.24.0-next.2
      Depends on vulnerable versions of gatsby
      Depends on vulnerable versions of gatsby-plugin-utils
      Depends on vulnerable versions of gatsby-telemetry
      node_modules/gatsby-plugin-page-creator
      gatsby-plugin-react-helmet  3.11.0-next.0 - 4.15.0
      Depends on vulnerable versions of gatsby
      node_modules/gatsby-plugin-react-helmet
      gatsby-plugin-sharp  <=4.8.0-next.2 || 4.9.0-alpha-image-cdn.32 - 4.9.0-next.1 || 4.11.0-alpha-luda.30 - 4.11.0-next.4 || 4.13.0-alpha-image-cdn-telemetry.29 - 4.13.0-next.0 || 4.15.0-alpha-wp-image-cdn-auth.42 - 4.15.0-next.2 || 4.16.0-alpha-image-cdn-caching.9 - 4.16.0-next.2 || 4.17.0-alpha-drupal-image-404.12 - 4.17.0-next.1 || 4.18.0-alpha-drupal-self-reference.18 - 4.18.0-next.1 || 4.20.0-mdxv4-rc.60 - 4.20.0-next.3
      Depends on vulnerable versions of gatsby
      Depends on vulnerable versions of gatsby-plugin-utils
      Depends on vulnerable versions of gatsby-telemetry
      Depends on vulnerable versions of sharp
      node_modules/gatsby-plugin-sharp
        gatsby-remark-images  1.5.1 - 6.0.0-zz-next.4
        Depends on vulnerable versions of gatsby
        Depends on vulnerable versions of gatsby-plugin-sharp
        node_modules/gatsby-remark-images
        gatsby-transformer-sharp  1.7.0-alpha.03b9df85 - 4.8.0-next.1
        Depends on vulnerable versions of gatsby
        Depends on vulnerable versions of gatsby-plugin-sharp
        Depends on vulnerable versions of sharp
        node_modules/gatsby-transformer-sharp
      gatsby-plugin-sitemap  2.13.0-next.0 - 4.11.0
      Depends on vulnerable versions of gatsby
      node_modules/gatsby-plugin-sitemap
      gatsby-plugin-styled-components  3.11.0-next.0 - 4.15.0
      Depends on vulnerable versions of gatsby
      node_modules/gatsby-plugin-styled-components
      gatsby-plugin-typescript  2.13.0-next.0 - 3.15.0
      Depends on vulnerable versions of babel-plugin-remove-graphql-queries
      Depends on vulnerable versions of gatsby
      node_modules/gatsby-plugin-typescript
      gatsby-plugin-utils  0.2.27-qod.19 - 0.2.27-qod.21 || 0.2.31-query-modules-debug-missing-sq.23 || 0.2.35 - 1.15.0
      Depends on vulnerable versions of gatsby
      node_modules/gatsby-plugin-utils
      gatsby-remark-prismjs  3.14.0-next.0 - 5.12.0
      Depends on vulnerable versions of gatsby
      node_modules/gatsby-remark-prismjs
      gatsby-source-filesystem  1.4.9 - 4.21.0-next.3
      Depends on vulnerable versions of gatsby
      Depends on vulnerable versions of got
      node_modules/gatsby-source-filesystem
      gatsby-transformer-remark  <=5.25.1
      Depends on vulnerable versions of gatsby
      Depends on vulnerable versions of sanitize-html
      node_modules/gatsby-transformer-remark

browserslist  4.0.0 - 4.16.4
Severity: moderate
Regular Expression Denial of Service in browserslist - https://github.com/advisories/GHSA-w8qv-6jwh-64r5
fix available via `npm audit fix --force`
Will install gatsby@5.7.0, which is a breaking change
node_modules/react-dev-utils/node_modules/browserslist
  react-dev-utils  0.5.2 - 12.0.0-next.60
  Depends on vulnerable versions of browserslist
  Depends on vulnerable versions of immer
  Depends on vulnerable versions of loader-utils
  Depends on vulnerable versions of recursive-readdir
  Depends on vulnerable versions of shell-quote
  node_modules/react-dev-utils

cross-fetch  <=2.2.3 || 2.2.5 || 3.0.0 - 3.1.4 || >=3.2.0-alpha.0
Severity: high
Incorrect Authorization in cross-fetch - https://github.com/advisories/GHSA-7gc6-qh9x-w6h8
Depends on vulnerable versions of node-fetch
fix available via `npm audit fix --force`
Will install gatsby@5.7.0, which is a breaking change
node_modules/cross-fetch
  @graphql-tools/url-loader  <=7.4.3-alpha-9f8b9c45.0
  Depends on vulnerable versions of cross-fetch
  Depends on vulnerable versions of ws
  node_modules/@graphql-tools/url-loader
    graphql-config  <=0.0.0-experimental-feb71d0.7ba || 3.0.0-alpha.0 - 4.1.0
    Depends on vulnerable versions of @graphql-tools/url-loader
    Depends on vulnerable versions of minimatch
    node_modules/graphql-config
      eslint-plugin-graphql  >=4.0.0
      Depends on vulnerable versions of graphql-config
      node_modules/eslint-plugin-graphql

dicer  *
Severity: high
Crash in HeaderParser in dicer - https://github.com/advisories/GHSA-wm7h-9275-46v2
fix available via `npm audit fix --force`
Will install gatsby@5.7.0, which is a breaking change
node_modules/dicer
  busboy  <=0.3.1
  Depends on vulnerable versions of dicer
  node_modules/busboy
    multer  <=2.0.0-rc.3
    Depends on vulnerable versions of busboy
    node_modules/multer

engine.io  4.0.0 - 6.2.0
Severity: moderate
Uncaught exception in engine.io - https://github.com/advisories/GHSA-r7qp-cfhv-p84w
fix available via `npm audit fix --force`
Will install gatsby@5.7.0, which is a breaking change
node_modules/engine.io
  socket.io  3.0.0-rc1 - 4.4.1
  Depends on vulnerable versions of engine.io
  node_modules/socket.io


got  <11.8.5
Severity: moderate
Got allows a redirect to a UNIX socket - https://github.com/advisories/GHSA-pfrx-2q88-qq97
fix available via `npm audit fix --force`
Will install gatsby-source-filesystem@5.7.0, which is a breaking change
node_modules/gatsby-source-filesystem/node_modules/got
node_modules/package-json/node_modules/got
  package-json  <=6.5.0
  Depends on vulnerable versions of got
  node_modules/package-json
    latest-version  0.2.0 - 5.1.0
    Depends on vulnerable versions of package-json
    node_modules/latest-version
      update-notifier  0.2.0 - 5.1.0
      Depends on vulnerable versions of latest-version
      node_modules/update-notifier
        gatsby-cli  1.1.27 - 4.25.0
        Depends on vulnerable versions of gatsby-recipes
        Depends on vulnerable versions of gatsby-telemetry
        Depends on vulnerable versions of update-notifier
        node_modules/gatsby-cli

immer  <=9.0.5
Severity: critical
Prototype Pollution in immer - https://github.com/advisories/GHSA-c36v-fmgq-m8hx
Prototype Pollution in immer - https://github.com/advisories/GHSA-33f9-j839-rf8h
fix available via `npm audit fix --force`
Will install gatsby@5.7.0, which is a breaking change
node_modules/immer

loader-utils  2.0.0 - 2.0.3
Severity: critical
Prototype pollution in webpack loader-utils - https://github.com/advisories/GHSA-76p3-8jx3-jpfq
loader-utils is vulnerable to Regular Expression Denial of Service (ReDoS) via url variable - https://github.com/advisories/GHSA-3rfm-jhwj-7488
loader-utils is vulnerable to Regular Expression Denial of Service (ReDoS) - https://github.com/advisories/GHSA-hhq3-ff78-jv3g
fix available via `npm audit fix --force`
Will install gatsby@5.7.0, which is a breaking change
node_modules/react-dev-utils/node_modules/loader-utils

minimatch  <3.0.5
Severity: high
minimatch ReDoS vulnerability - https://github.com/advisories/GHSA-f8q6-p94x-37v3
fix available via `npm audit fix --force`
Will install gatsby-plugin-google-analytics@5.7.0, which is a breaking change
node_modules/gatsby-plugin-google-analytics/node_modules/minimatch
node_modules/graphql-config/node_modules/minimatch
node_modules/recursive-readdir/node_modules/minimatch
  recursive-readdir  1.2.0 - 2.2.2
  Depends on vulnerable versions of minimatch
  node_modules/recursive-readdir

node-fetch  <2.6.7
Severity: high
node-fetch is vulnerable to Exposure of Sensitive Information to an Unauthorized Actor - https://github.com/advisories/GHSA-r683-j2x4-v87g
fix available via `npm audit fix --force`
Will install gatsby@5.7.0, which is a breaking change
node_modules/cross-fetch/node_modules/node-fetch

object-path  <=0.11.7
Severity: high
Prototype Pollution in object-path - https://github.com/advisories/GHSA-8v63-cqqc-6r2c
Prototype Pollution in object-path - https://github.com/advisories/GHSA-v39p-96qg-c8rf
fix available via `npm audit fix --force`
Will install gatsby@5.7.0, which is a breaking change
node_modules/object-path
  graphql-compose  0.1.0 - 1.5.1 || 7.24.1 - 9.0.3
  Depends on vulnerable versions of object-path
  node_modules/graphql-compose
    gatsby-recipes  >=0.0.5-recipes.14780
    Depends on vulnerable versions of gatsby-telemetry
    Depends on vulnerable versions of graphql-compose
    Depends on vulnerable versions of remark-parse
    node_modules/gatsby-recipes

parse-path  <5.0.0
Severity: high
Authorization Bypass in parse-path - https://github.com/advisories/GHSA-3j8f-xvm3-ffx4
fix available via `npm audit fix --force`
Will install gatsby-plugin-sharp@5.7.0, which is a breaking change
node_modules/parse-path
  parse-url  <=8.0.0
  Depends on vulnerable versions of parse-path
  node_modules/parse-url
    git-up  <=6.0.0
    Depends on vulnerable versions of parse-url
    node_modules/git-up
      gatsby-telemetry  0.0.1-1595235897 || 1.1.3 - 3.24.0-next.1
      Depends on vulnerable versions of git-up
      node_modules/gatsby-telemetry


sanitize-html  <=2.3.1
Severity: moderate
Improper Input Validation in sanitize-html - https://github.com/advisories/GHSA-rjqq-98f6-6j3r
Improper Input Validation in sanitize-html - https://github.com/advisories/GHSA-mjxr-4v3x-q3m4
fix available via `npm audit fix --force`
Will install gatsby-transformer-remark@6.7.0, which is a breaking change
node_modules/sanitize-html

sharp  <0.30.5
Severity: moderate
sharp vulnerable to Command Injection in post-installation over build environment - https://github.com/advisories/GHSA-gp95-ppv5-3jc5
fix available via `npm audit fix --force`
Will install gatsby-transformer-sharp@5.7.0, which is a breaking change
node_modules/sharp

shell-quote  <=1.7.2
Severity: critical
Improper Neutralization of Special Elements used in a Command in Shell-quote - https://github.com/advisories/GHSA-g4rg-993r-mgx7
fix available via `npm audit fix --force`
Will install gatsby@5.7.0, which is a breaking change
node_modules/shell-quote

trim  <0.0.3
Severity: high
Regular Expression Denial of Service in trim - https://github.com/advisories/GHSA-w5p7-h5w8-2hfq
fix available via `npm audit fix --force`
Will install gatsby@5.7.0, which is a breaking change
node_modules/trim
  remark-parse  <=8.0.3
  Depends on vulnerable versions of trim
  node_modules/gatsby-recipes/node_modules/remark-parse

ws  7.0.0 - 7.4.5
Severity: moderate
ReDoS in Sec-Websocket-Protocol header - https://github.com/advisories/GHSA-6fc8-4gx4-v693
fix available via `npm audit fix --force`
Will install gatsby@5.7.0, which is a breaking change
node_modules/ws

55 vulnerabilities (13 moderate, 37 high, 5 critical)

To address issues that do not require attention, run:
  npm audit fix

To address all issues (including breaking changes), run:
  npm audit fix --force
